# JRE version: Java(TM) SE Runtime Environment 18.9 (11.0.8+10) (build 11.0.8+10-LTS)
# Java VM: Java HotSpot(TM) 64-Bit Server VM 18.9 (11.0.8+10-LTS, mixed mode, tiered, compressed oops, g1 gc, bsd-amd64)
Heap:
 garbage-first heap   total 524288K, used 30632K [0x0000000600000000, 0x0000000800000000)
  region size 2048K, 12 young (24576K), 9 survivors (18432K)
 Metaspace       used 38359K, capacity 38926K, committed 39600K, reserved 1085440K
  class space    used 3779K, capacity 3972K, committed 4096K, reserved 1048576K
GC Heap History (8 events):
Event: 0.688 GC heap before
{Heap before GC invocations=0 (full 0):
 garbage-first heap   total 524288K, used 22528K [0x0000000600000000, 0x0000000800000000)
  region size 2048K, 12 young (24576K), 0 survivors (0K)
 Metaspace       used 10482K, capacity 10614K, committed 10752K, reserved 1058816K
  class space    used 964K, capacity 1004K, committed 1024K, reserved 1048576K
}
Event: 0.694 GC heap after
{Heap after GC invocations=1 (full 0):
 garbage-first heap   total 524288K, used 8092K [0x0000000600000000, 0x0000000800000000)
  region size 2048K, 2 young (4096K), 2 survivors (4096K)
 Metaspace       used 10482K, capacity 10614K, committed 10752K, reserved 1058816K
  class space    used 964K, capacity 1004K, committed 1024K, reserved 1048576K
}
Event: 1.050 GC heap before
{Heap before GC invocations=1 (full 0):
 garbage-first heap   total 524288K, used 28572K [0x0000000600000000, 0x0000000800000000)
  region size 2048K, 12 young (24576K), 2 survivors (4096K)
 Metaspace       used 12494K, capacity 12686K, committed 12800K, reserved 1060864K
  class space    used 1206K, capacity 1249K, committed 1280K, reserved 1048576K
}
Event: 1.057 GC heap after
{Heap after GC invocations=2 (full 0):
 garbage-first heap   total 524288K, used 10274K [0x0000000600000000, 0x0000000800000000)
  region size 2048K, 2 young (4096K), 2 survivors (4096K)
 Metaspace       used 12494K, capacity 12686K, committed 12800K, reserved 1060864K
  class space    used 1206K, capacity 1249K, committed 1280K, reserved 1048576K
}
Event: 2.030 GC heap before
{Heap before GC invocations=2 (full 0):
 garbage-first heap   total 524288K, used 51234K [0x0000000600000000, 0x0000000800000000)
  region size 2048K, 23 young (47104K), 2 survivors (4096K)
 Metaspace       used 20803K, capacity 21109K, committed 21296K, reserved 1069056K
  class space    used 2214K, capacity 2343K, committed 2432K, reserved 1048576K
}
Event: 2.035 GC heap after
{Heap after GC invocations=3 (full 0):
 garbage-first heap   total 524288K, used 13451K [0x0000000600000000, 0x0000000800000000)
  region size 2048K, 3 young (6144K), 3 survivors (6144K)
 Metaspace       used 20803K, capacity 21109K, committed 21296K, reserved 1069056K
  class space    used 2214K, capacity 2343K, committed 2432K, reserved 1048576K
}
Event: 4.294 GC heap before
{Heap before GC invocations=4 (full 0):
 garbage-first heap   total 524288K, used 228491K [0x0000000600000000, 0x0000000800000000)
  region size 2048K, 110 young (225280K), 3 survivors (6144K)
 Metaspace       used 35096K, capacity 35630K, committed 35888K, reserved 1081344K
  class space    used 3747K, capacity 3940K, committed 3968K, reserved 1048576K
}
Event: 4.308 GC heap after
{Heap after GC invocations=5 (full 0):
 garbage-first heap   total 524288K, used 26536K [0x0000000600000000, 0x0000000800000000)
  region size 2048K, 9 young (18432K), 9 survivors (18432K)
 Metaspace       used 35096K, capacity 35630K, committed 35888K, reserved 1081344K
  class space    used 3747K, capacity 3940K, committed 3968K, reserved 1048576K
}

