# JRE version: Java(TM) SE Runtime Environment 18.9 (11.0.8+10) (build 11.0.8+10-LTS)
# Java VM: Java HotSpot(TM) 64-Bit Server VM 18.9 (11.0.8+10-LTS, mixed mode, tiered, compressed oops, g1 gc, bsd-amd64)
Heap:
 garbage-first heap   total 630784K, used 242623K [0x0000000600000000, 0x0000000800000000)
  region size 2048K, 116 young (237568K), 5 survivors (10240K)
 Metaspace       used 31070K, capacity 31631K, committed 32000K, reserved 1077248K
  class space    used 3335K, capacity 3534K, committed 3584K, reserved 1048576K
GC Heap History (10 events):
Event: 0.801 GC heap before
{Heap before GC invocations=1 (full 0):
 garbage-first heap   total 524288K, used 26594K [0x0000000600000000, 0x0000000800000000)
  region size 2048K, 12 young (24576K), 2 survivors (4096K)
 Metaspace       used 12474K, capacity 12622K, committed 12800K, reserved 1060864K
  class space    used 1206K, capacity 1249K, committed 1280K, reserved 1048576K
}
Event: 0.806 GC heap after
{Heap after GC invocations=2 (full 0):
 garbage-first heap   total 524288K, used 10154K [0x0000000600000000, 0x0000000800000000)
  region size 2048K, 2 young (4096K), 2 survivors (4096K)
 Metaspace       used 12474K, capacity 12622K, committed 12800K, reserved 1060864K
  class space    used 1206K, capacity 1249K, committed 1280K, reserved 1048576K
}
Event: 1.588 GC heap before
{Heap before GC invocations=2 (full 0):
 garbage-first heap   total 524288K, used 59306K [0x0000000600000000, 0x0000000800000000)
  region size 2048K, 26 young (53248K), 2 survivors (4096K)
 Metaspace       used 20069K, capacity 20465K, committed 20736K, reserved 1067008K
  class space    used 2094K, capacity 2212K, committed 2304K, reserved 1048576K
}
Event: 1.593 GC heap after
{Heap after GC invocations=3 (full 0):
 garbage-first heap   total 524288K, used 15646K [0x0000000600000000, 0x0000000800000000)
  region size 2048K, 4 young (8192K), 4 survivors (8192K)
 Metaspace       used 20069K, capacity 20465K, committed 20736K, reserved 1067008K
  class space    used 2094K, capacity 2212K, committed 2304K, reserved 1048576K
}
Event: 1.657 GC heap before
{Heap before GC invocations=3 (full 0):
 garbage-first heap   total 524288K, used 23838K [0x0000000600000000, 0x0000000800000000)
  region size 2048K, 9 young (18432K), 4 survivors (8192K)
 Metaspace       used 20694K, capacity 21039K, committed 21248K, reserved 1069056K
  class space    used 2180K, capacity 2278K, committed 2304K, reserved 1048576K
}
Event: 1.661 GC heap after
{Heap after GC invocations=4 (full 0):
 garbage-first heap   total 524288K, used 15821K [0x0000000600000000, 0x0000000800000000)
  region size 2048K, 4 young (8192K), 4 survivors (8192K)
 Metaspace       used 20694K, capacity 21039K, committed 21248K, reserved 1069056K
  class space    used 2180K, capacity 2278K, committed 2304K, reserved 1048576K
}
Event: 1.980 GC heap before
{Heap before GC invocations=5 (full 0):
 garbage-first heap   total 524288K, used 128461K [0x0000000600000000, 0x0000000800000000)
  region size 2048K, 59 young (120832K), 4 survivors (8192K)
 Metaspace       used 21954K, capacity 22321K, committed 22400K, reserved 1069056K
  class space    used 2286K, capacity 2425K, committed 2432K, reserved 1048576K
}
Event: 1.987 GC heap after
{Heap after GC invocations=6 (full 0):
 garbage-first heap   total 630784K, used 17315K [0x0000000600000000, 0x0000000800000000)
  region size 2048K, 5 young (10240K), 5 survivors (10240K)
 Metaspace       used 21954K, capacity 22321K, committed 22400K, reserved 1069056K
  class space    used 2286K, capacity 2425K, committed 2432K, reserved 1048576K
}
Event: 2.218 GC heap before
{Heap before GC invocations=6 (full 0):
 garbage-first heap   total 630784K, used 164771K [0x0000000600000000, 0x0000000800000000)
  region size 2048K, 77 young (157696K), 5 survivors (10240K)
 Metaspace       used 21984K, capacity 22385K, committed 22656K, reserved 1069056K
  class space    used 2286K, capacity 2425K, committed 2432K, reserved 1048576K
}
Event: 2.222 GC heap after
{Heap after GC invocations=7 (full 0):
 garbage-first heap   total 630784K, used 17343K [0x0000000600000000, 0x0000000800000000)
  region size 2048K, 5 young (10240K), 5 survivors (10240K)
 Metaspace       used 21984K, capacity 22385K, committed 22656K, reserved 1069056K
  class space    used 2286K, capacity 2425K, committed 2432K, reserved 1048576K
}

